<?xml version="1.0" encoding="UTF-8"?>
<!-- Generated by org.testng.reporters.JUnitReportReporter -->
<testsuite hostname="LAPTOP-SCA0K7MQ" failures="0" tests="2" name="TestClasses.Validatelogin" time="11.655" errors="0" timestamp="2021-06-06T20:13:55 IST" skipped="0">
  <testcase classname="TestClasses.Validatelogin" name="validateLogin" time="8.783"/>
  <system-out/>
  <testcase classname="TestClasses.Validatelogin" name="validateRBIlink" time="2.872"/>
  <system-out/>
</testsuite> <!-- TestClasses.Validatelogin -->
