<?xml version="1.0" encoding="UTF-8"?>
<!-- Generated by org.testng.reporters.JUnitReportReporter -->
<testsuite hostname="LAPTOP-SCA0K7MQ" failures="0" tests="2" name="TestClasses.ValidateAccount" time="33.221" errors="0" timestamp="2021-06-06T20:13:55 IST" skipped="0">
  <testcase classname="TestClasses.ValidateAccount" name="accountTest" time="19.082"/>
  <system-out/>
  <testcase classname="TestClasses.ValidateAccount" name="investTest" time="14.139"/>
  <system-out/>
</testsuite> <!-- TestClasses.ValidateAccount -->
